23 132 253 0 0 0 0 1771 0 0 0 0 0 0 0 0 0 0 0 0 0 116886 0 8855 0 0 0 0 0 0 0 0 0 0 0 0 0 0 0 0 0 0 0 0 0 0 0 0 0 0 0 0 0 0 0 0 0 0 0 0 0 0 0 0 0 0 0 0 0 0 0 0 0
21 352 210 0 0 0 5313 1330 0 0 0 0 0 0 0 0 0 0 0 233772 106260 87780 35420 5985 0 0 0 0 0 0 0 0 0 0 0 0 0 0 0 0 0 0 0 0 0 0 0 0 0 0 0 0 0 0 0 0 0 0 0 0 0 0 0 0 0 0 0 0 0 0 0 0 0
17 389 136 0 0 0 4301 680 0 0 0 0 0 0 0 0 0 0 0 189244 68816 44880 28673 2380 0 0 0 0 0 0 0 0 0 0 0 0 0 0 0 0 0 0 0 0 0 0 0 0 0 0 0 0 0 0 0 0 0 0 0 0 0 0 0 0 0 0 0 0 0 0 0 0 0
19 425 171 0 0 0 4807 969 0 0 0 0 0 0 0 0 0 0 0 211508 86526 63954 32046 3876 0 0 0 0 0 0 0 0 0 0 0 0 0 0 0 0 0 0 0 0 0 0 0 0 0 0 0 0 0 0 0 0 0 0 0 0 0 0 0 0 0 0 0 0 0 0 0 0 0
15 333 105 0 0 0 3795 455 0 0 0 0 0 0 0 0 0 0 0 166980 53130 30030 25300 1365 0 0 0 0 0 0 0 0 0 0 0 0 0 0 0 0 0 0 0 0 0 0 0 0 0 0 0 0 0 0 0 0 0 0 0 0 0 0 0 0 0 0 0 0 0 0 0 0 0
20 456 190 0 0 0 5060 1140 0 0 0 0 0 0 0 0 0 0 0 222640 96140 75240 33733 4845 0 0 0 0 0 0 0 0 0 0 0 0 0 0 0 0 0 0 0 0 0 0 0 0 0 0 0 0 0 0 0 0 0 0 0 0 0 0 0 0 0 0 0 0 0 0 0 0 0
20 454 190 0 0 0 5060 1140 0 0 0 0 0 0 0 0 0 0 0 222640 96140 75240 33733 4845 0 0 0 0 0 0 0 0 0 0 0 0 0 0 0 0 0 0 0 0 0 0 0 0 0 0 0 0 0 0 0 0 0 0 0 0 0 0 0 0 0 0 0 0 0 0 0 0 0
21 477 210 0 0 0 5313 1330 0 0 0 0 0 0 0 0 0 0 0 233772 106260 87780 35420 5985 0 0 0 0 0 0 0 0 0 0 0 0 0 0 0 0 0 0 0 0 0 0 0 0 0 0 0 0 0 0 0 0 0 0 0 0 0 0 0 0 0 0 0 0 0 0 0 0 0
22 488 231 0 0 0 5566 1540 0 0 0 0 0 0 0 0 0 0 0 244904 116886 101640 37106 7315 0 0 0 0 0 0 0 0 0 0 0 0 0 0 0 0 0 0 0 0 0 0 0 0 0 0 0 0 0 0 0 0 0 0 0 0 0 0 0 0 0 0 0 0 0 0 0 0 0
23 517 253 0 0 0 5819 1771 0 0 0 0 0 0 0 0 0 0 0 256036 128018 116886 38793 8855 0 0 0 0 0 0 0 0 0 0 0 0 0 0 0 0 0 0 0 0 0 0 0 0 0 0 0 0 0 0 0 0 0 0 0 0 0 0 0 0 0 0 0 0 0 0 0 0 0
16 362 120 0 0 0 4048 560 0 0 0 0 0 0 0 0 0 0 0 178112 60720 36960 26986 1820 0 0 0 0 0 0 0 0 0 0 0 0 0 0 0 0 0 0 0 0 0 0 0 0 0 0 0 0 0 0 0 0 0 0 0 0 0 0 0 0 0 0 0 0 0 0 0 0 0
22 490 231 0 0 0 5566 1540 0 0 0 0 0 0 0 0 0 0 0 244904 116886 101640 37106 7315 0 0 0 0 0 0 0 0 0 0 0 0 0 0 0 0 0 0 0 0 0 0 0 0 0 0 0 0 0 0 0 0 0 0 0 0 0 0 0 0 0 0 0 0 0 0 0 0 0
19 431 171 0 0 0 4807 969 0 0 0 0 0 0 0 0 0 0 0 211508 86526 63954 32046 3876 0 0 0 0 0 0 0 0 0 0 0 0 0 0 0 0 0 0 0 0 0 0 0 0 0 0 0 0 0 0 0 0 0 0 0 0 0 0 0 0 0 0 0 0 0 0 0 0 0
31 691 465 0 0 0 7843 4495 0 0 0 0 0 0 0 0 0 0 0 345092 235290 296670 52286 31465 0 0 0 0 0 0 0 0 0 0 0 0 0 0 0 0 0 0 0 0 0 0 0 0 0 0 0 0 0 0 0 0 0 0 0 0 0 0 0 0 0 0 0 0 0 0 0 0 0
15 343 105 0 0 0 3795 455 0 0 0 0 0 0 0 0 0 0 0 166980 53130 30030 25300 1365 0 0 0 0 0 0 0 0 0 0 0 0 0 0 0 0 0 0 0 0 0 0 0 0 0 0 0 0 0 0 0 0 0 0 0 0 0 0 0 0 0 0 0 0 0 0 0 0 0
15 339 105 0 0 0 3795 455 0 0 0 0 0 0 0 0 0 0 0 166980 53130 30030 25300 1365 0 0 0 0 0 0 0 0 0 0 0 0 0 0 0 0 0 0 0 0 0 0 0 0 0 0 0 0 0 0 0 0 0 0 0 0 0 0 0 0 0 0 0 0 0 0 0 0 0
15 345 105 0 0 0 3795 455 0 0 0 0 0 0 0 0 0 0 0 166980 53130 30030 25300 1365 0 0 0 0 0 0 0 0 0 0 0 0 0 0 0 0 0 0 0 0 0 0 0 0 0 0 0 0 0 0 0 0 0 0 0 0 0 0 0 0 0 0 0 0 0 0 0 0 0
18 406 153 0 0 0 4554 816 0 0 0 0 0 0 0 0 0 0 0 200376 77418 53856 30360 3060 0 0 0 0 0 0 0 0 0 0 0 0 0 0 0 0 0 0 0 0 0 0 0 0 0 0 0 0 0 0 0 0 0 0 0 0 0 0 0 0 0 0 0 0 0 0 0 0 0
16 366 120 0 0 0 4048 560 0 0 0 0 0 0 0 0 0 0 0 178112 60720 36960 26986 1820 0 0 0 0 0 0 0 0 0 0 0 0 0 0 0 0 0 0 0 0 0 0 0 0 0 0 0 0 0 0 0 0 0 0 0 0 0 0 0 0 0 0 0 0 0 0 0 0 0
22 494 231 0 0 0 5566 1540 0 0 0 0 0 0 0 0 0 0 0 244904 116886 101640 37106 7315 0 0 0 0 0 0 0 0 0 0 0 0 0 0 0 0 0 0 0 0 0 0 0 0 0 0 0 0 0 0 0 0 0 0 0 0 0 0 0 0 0 0 0 0 0 0 0 0 0
25 555 300 0 0 0 6325 2300 0 0 0 0 0 0 0 0 0 0 0 278300 151800 151800 42166 12650 0 0 0 0 0 0 0 0 0 0 0 0 0 0 0 0 0 0 0 0 0 0 0 0 0 0 0 0 0 0 0 0 0 0 0 0 0 0 0 0 0 0 0 0 0 0 0 0 0
22 498 231 0 0 0 5566 1540 0 0 0 0 0 0 0 0 0 0 0 244904 116886 101640 37106 7315 0 0 0 0 0 0 0 0 0 0 0 0 0 0 0 0 0 0 0 0 0 0 0 0 0 0 0 0 0 0 0 0 0 0 0 0 0 0 0 0 0 0 0 0 0 0 0 0 0
28 624 378 0 0 0 7084 3276 0 0 0 0 0 0 0 0 0 0 0 311696 191268 216216 47226 20475 0 0 0 0 0 0 0 0 0 0 0 0 0 0 0 0 0 0 0 0 0 0 0 0 0 0 0 0 0 0 0 0 0 0 0 0 0 0 0 0 0 0 0 0 0 0 0 0 0
26 582 325 0 0 0 6578 2600 0 0 0 0 0 0 0 0 0 0 0 289432 164450 171600 43853 14950 0 0 0 0 0 0 0 0 0 0 0 0 0 0 0 0 0 0 0 0 0 0 0 0 0 0 0 0 0 0 0 0 0 0 0 0 0 0 0 0 0 0 0 0 0 0 0 0 0
19 111 171 0 0 0 0 969 0 0 0 0 0 0 0 0 0 0 0 0 0 63954 0 3876 0 0 0 0 0 0 0 0 0 0 0 0 0 0 0 0 0 0 0 0 0 0 0 0 0 0 0 0 0 0 0 0 0 0 0 0 0 0 0 0 0 0 0 0 0 0 0 0 0
28 630 378 0 0 0 7084 3276 0 0 0 0 0 0 0 0 0 0 0 311696 191268 216216 47226 20475 0 0 0 0 0 0 0 0 0 0 0 0 0 0 0 0 0 0 0 0 0 0 0 0 0 0 0 0 0 0 0 0 0 0 0 0 0 0 0 0 0 0 0 0 0 0 0 0 0
23 513 253 0 0 0 5819 1771 0 0 0 0 0 0 0 0 0 0 0 256036 128018 116886 38793 8855 0 0 0 0 0 0 0 0 0 0 0 0 0 0 0 0 0 0 0 0 0 0 0 0 0 0 0 0 0 0 0 0 0 0 0 0 0 0 0 0 0 0 0 0 0 0 0 0 0
17 385 136 0 0 0 4301 680 0 0 0 0 0 0 0 0 0 0 0 189244 68816 44880 28673 2380 0 0 0 0 0 0 0 0 0 0 0 0 0 0 0 0 0 0 0 0 0 0 0 0 0 0 0 0 0 0 0 0 0 0 0 0 0 0 0 0 0 0 0 0 0 0 0 0 0
18 406 153 0 0 0 4554 816 0 0 0 0 0 0 0 0 0 0 0 200376 77418 53856 30360 3060 0 0 0 0 0 0 0 0 0 0 0 0 0 0 0 0 0 0 0 0 0 0 0 0 0 0 0 0 0 0 0 0 0 0 0 0 0 0 0 0 0 0 0 0 0 0 0 0 0
15 343 105 0 0 0 3795 455 0 0 0 0 0 0 0 0 0 0 0 166980 53130 30030 25300 1365 0 0 0 0 0 0 0 0 0 0 0 0 0 0 0 0 0 0 0 0 0 0 0 0 0 0 0 0 0 0 0 0 0 0 0 0 0 0 0 0 0 0 0 0 0 0 0 0 0
15 343 105 0 0 0 3795 455 0 0 0 0 0 0 0 0 0 0 0 166980 53130 30030 25300 1365 0 0 0 0 0 0 0 0 0 0 0 0 0 0 0 0 0 0 0 0 0 0 0 0 0 0 0 0 0 0 0 0 0 0 0 0 0 0 0 0 0 0 0 0 0 0 0 0 0
22 502 231 0 0 0 5566 1540 0 0 0 0 0 0 0 0 0 0 0 244904 116886 101640 37106 7315 0 0 0 0 0 0 0 0 0 0 0 0 0 0 0 0 0 0 0 0 0 0 0 0 0 0 0 0 0 0 0 0 0 0 0 0 0 0 0 0 0 0 0 0 0 0 0 0 0
30 672 435 0 0 0 7590 4060 0 0 0 0 0 0 0 0 0 0 0 333960 220110 267960 50600 27405 0 0 0 0 0 0 0 0 0 0 0 0 0 0 0 0 0 0 0 0 0 0 0 0 0 0 0 0 0 0 0 0 0 0 0 0 0 0 0 0 0 0 0 0 0 0 0 0 0
19 433 171 0 0 0 4807 969 0 0 0 0 0 0 0 0 0 0 0 211508 86526 63954 32046 3876 0 0 0 0 0 0 0 0 0 0 0 0 0 0 0 0 0 0 0 0 0 0 0 0 0 0 0 0 0 0 0 0 0 0 0 0 0 0 0 0 0 0 0 0 0 0 0 0 0
15 337 105 0 0 0 3795 455 0 0 0 0 0 0 0 0 0 0 0 166980 53130 30030 25300 1365 0 0 0 0 0 0 0 0 0 0 0 0 0 0 0 0 0 0 0 0 0 0 0 0 0 0 0 0 0 0 0 0 0 0 0 0 0 0 0 0 0 0 0 0 0 0 0 0 0
23 521 253 0 0 0 5819 1771 0 0 0 0 0 0 0 0 0 0 0 256036 128018 116886 38793 8855 0 0 0 0 0 0 0 0 0 0 0 0 0 0 0 0 0 0 0 0 0 0 0 0 0 0 0 0 0 0 0 0 0 0 0 0 0 0 0 0 0 0 0 0 0 0 0 0 0
24 536 276 0 0 0 6072 2024 0 0 0 0 0 0 0 0 0 0 0 267168 139656 133584 40480 10626 0 0 0 0 0 0 0 0 0 0 0 0 0 0 0 0 0 0 0 0 0 0 0 0 0 0 0 0 0 0 0 0 0 0 0 0 0 0 0 0 0 0 0 0 0 0 0 0 0
17 385 136 0 0 0 4301 680 0 0 0 0 0 0 0 0 0 0 0 189244 68816 44880 28673 2380 0 0 0 0 0 0 0 0 0 0 0 0 0 0 0 0 0 0 0 0 0 0 0 0 0 0 0 0 0 0 0 0 0 0 0 0 0 0 0 0 0 0 0 0 0 0 0 0 0
15 341 105 0 0 0 3795 455 0 0 0 0 0 0 0 0 0 0 0 166980 53130 30030 25300 1365 0 0 0 0 0 0 0 0 0 0 0 0 0 0 0 0 0 0 0 0 0 0 0 0 0 0 0 0 0 0 0 0 0 0 0 0 0 0 0 0 0 0 0 0 0 0 0 0 0
20 450 190 0 0 0 5060 1140 0 0 0 0 0 0 0 0 0 0 0 222640 96140 75240 33733 4845 0 0 0 0 0 0 0 0 0 0 0 0 0 0 0 0 0 0 0 0 0 0 0 0 0 0 0 0 0 0 0 0 0 0 0 0 0 0 0 0 0 0 0 0 0 0 0 0 0
25 565 300 0 0 0 6325 2300 0 0 0 0 0 0 0 0 0 0 0 278300 151800 151800 42166 12650 0 0 0 0 0 0 0 0 0 0 0 0 0 0 0 0 0 0 0 0 0 0 0 0 0 0 0 0 0 0 0 0 0 0 0 0 0 0 0 0 0 0 0 0 0 0 0 0 0
20 454 190 0 0 0 5060 1140 0 0 0 0 0 0 0 0 0 0 0 222640 96140 75240 33733 4845 0 0 0 0 0 0 0 0 0 0 0 0 0 0 0 0 0 0 0 0 0 0 0 0 0 0 0 0 0 0 0 0 0 0 0 0 0 0 0 0 0 0 0 0 0 0 0 0 0
16 368 120 0 0 0 4048 560 0 0 0 0 0 0 0 0 0 0 0 178112 60720 36960 26986 1820 0 0 0 0 0 0 0 0 0 0 0 0 0 0 0 0 0 0 0 0 0 0 0 0 0 0 0 0 0 0 0 0 0 0 0 0 0 0 0 0 0 0 0 0 0 0 0 0 0
18 400 153 0 0 0 4554 816 0 0 0 0 0 0 0 0 0 0 0 200376 77418 53856 30360 3060 0 0 0 0 0 0 0 0 0 0 0 0 0 0 0 0 0 0 0 0 0 0 0 0 0 0 0 0 0 0 0 0 0 0 0 0 0 0 0 0 0 0 0 0 0 0 0 0 0
16 364 120 0 0 0 4048 560 0 0 0 0 0 0 0 0 0 0 0 178112 60720 36960 26986 1820 0 0 0 0 0 0 0 0 0 0 0 0 0 0 0 0 0 0 0 0 0 0 0 0 0 0 0 0 0 0 0 0 0 0 0 0 0 0 0 0 0 0 0 0 0 0 0 0 0
30 676 435 0 0 0 7590 4060 0 0 0 0 0 0 0 0 0 0 0 333960 220110 267960 50600 27405 0 0 0 0 0 0 0 0 0 0 0 0 0 0 0 0 0 0 0 0 0 0 0 0 0 0 0 0 0 0 0 0 0 0 0 0 0 0 0 0 0 0 0 0 0 0 0 0 0
21 475 210 0 0 0 5313 1330 0 0 0 0 0 0 0 0 0 0 0 233772 106260 87780 35420 5985 0 0 0 0 0 0 0 0 0 0 0 0 0 0 0 0 0 0 0 0 0 0 0 0 0 0 0 0 0 0 0 0 0 0 0 0 0 0 0 0 0 0 0 0 0 0 0 0 0
18 402 153 0 0 0 4554 816 0 0 0 0 0 0 0 0 0 0 0 200376 77418 53856 30360 3060 0 0 0 0 0 0 0 0 0 0 0 0 0 0 0 0 0 0 0 0 0 0 0 0 0 0 0 0 0 0 0 0 0 0 0 0 0 0 0 0 0 0 0 0 0 0 0 0 0
20 452 190 0 0 0 5060 1140 0 0 0 0 0 0 0 0 0 0 0 222640 96140 75240 33733 4845 0 0 0 0 0 0 0 0 0 0 0 0 0 0 0 0 0 0 0 0 0 0 0 0 0 0 0 0 0 0 0 0 0 0 0 0 0 0 0 0 0 0 0 0 0 0 0 0 0
26 582 325 0 0 0 6578 2600 0 0 0 0 0 0 0 0 0 0 0 289432 164450 171600 43853 14950 0 0 0 0 0 0 0 0 0 0 0 0 0 0 0 0 0 0 0 0 0 0 0 0 0 0 0 0 0 0 0 0 0 0 0 0 0 0 0 0 0 0 0 0 0 0 0 0 0
13 297 78 0 0 0 3289 286 0 0 0 0 0 0 0 0 0 0 0 144716 39468 18876 21926 715 0 0 0 0 0 0 0 0 0 0 0 0 0 0 0 0 0 0 0 0 0 0 0 0 0 0 0 0 0 0 0 0 0 0 0 0 0 0 0 0 0 0 0 0 0 0 0 0 0
19 429 171 0 0 0 4807 969 0 0 0 0 0 0 0 0 0 0 0 211508 86526 63954 32046 3876 0 0 0 0 0 0 0 0 0 0 0 0 0 0 0 0 0 0 0 0 0 0 0 0 0 0 0 0 0 0 0 0 0 0 0 0 0 0 0 0 0 0 0 0 0 0 0 0 0
20 454 190 0 0 0 5060 1140 0 0 0 0 0 0 0 0 0 0 0 222640 96140 75240 33733 4845 0 0 0 0 0 0 0 0 0 0 0 0 0 0 0 0 0 0 0 0 0 0 0 0 0 0 0 0 0 0 0 0 0 0 0 0 0 0 0 0 0 0 0 0 0 0 0 0 0
18 412 153 0 0 0 4554 816 0 0 0 0 0 0 0 0 0 0 0 200376 77418 53856 30360 3060 0 0 0 0 0 0 0 0 0 0 0 0 0 0 0 0 0 0 0 0 0 0 0 0 0 0 0 0 0 0 0 0 0 0 0 0 0 0 0 0 0 0 0 0 0 0 0 0 0
23 517 253 0 0 0 5819 1771 0 0 0 0 0 0 0 0 0 0 0 256036 128018 116886 38793 8855 0 0 0 0 0 0 0 0 0 0 0 0 0 0 0 0 0 0 0 0 0 0 0 0 0 0 0 0 0 0 0 0 0 0 0 0 0 0 0 0 0 0 0 0 0 0 0 0 0
25 569 300 0 0 0 6325 2300 0 0 0 0 0 0 0 0 0 0 0 278300 151800 151800 42166 12650 0 0 0 0 0 0 0 0 0 0 0 0 0 0 0 0 0 0 0 0 0 0 0 0 0 0 0 0 0 0 0 0 0 0 0 0 0 0 0 0 0 0 0 0 0 0 0 0 0
28 632 378 0 0 0 7084 3276 0 0 0 0 0 0 0 0 0 0 0 311696 191268 216216 47226 20475 0 0 0 0 0 0 0 0 0 0 0 0 0 0 0 0 0 0 0 0 0 0 0 0 0 0 0 0 0 0 0 0 0 0 0 0 0 0 0 0 0 0 0 0 0 0 0 0 0
21 473 210 0 0 0 5313 1330 0 0 0 0 0 0 0 0 0 0 0 233772 106260 87780 35420 5985 0 0 0 0 0 0 0 0 0 0 0 0 0 0 0 0 0 0 0 0 0 0 0 0 0 0 0 0 0 0 0 0 0 0 0 0 0 0 0 0 0 0 0 0 0 0 0 0 0
16 364 120 0 0 0 4048 560 0 0 0 0 0 0 0 0 0 0 0 178112 60720 36960 26986 1820 0 0 0 0 0 0 0 0 0 0 0 0 0 0 0 0 0 0 0 0 0 0 0 0 0 0 0 0 0 0 0 0 0 0 0 0 0 0 0 0 0 0 0 0 0 0 0 0 0
18 402 153 0 0 0 4554 816 0 0 0 0 0 0 0 0 0 0 0 200376 77418 53856 30360 3060 0 0 0 0 0 0 0 0 0 0 0 0 0 0 0 0 0 0 0 0 0 0 0 0 0 0 0 0 0 0 0 0 0 0 0 0 0 0 0 0 0 0 0 0 0 0 0 0 0
18 410 153 0 0 0 4554 816 0 0 0 0 0 0 0 0 0 0 0 200376 77418 53856 30360 3060 0 0 0 0 0 0 0 0 0 0 0 0 0 0 0 0 0 0 0 0 0 0 0 0 0 0 0 0 0 0 0 0 0 0 0 0 0 0 0 0 0 0 0 0 0 0 0 0 0
13 297 78 0 0 0 3289 286 0 0 0 0 0 0 0 0 0 0 0 144716 39468 18876 21926 715 0 0 0 0 0 0 0 0 0 0 0 0 0 0 0 0 0 0 0 0 0 0 0 0 0 0 0 0 0 0 0 0 0 0 0 0 0 0 0 0 0 0 0 0 0 0 0 0 0
26 580 325 0 0 0 6578 2600 0 0 0 0 0 0 0 0 0 0 0 289432 164450 171600 43853 14950 0 0 0 0 0 0 0 0 0 0 0 0 0 0 0 0 0 0 0 0 0 0 0 0 0 0 0 0 0 0 0 0 0 0 0 0 0 0 0 0 0 0 0 0 0 0 0 0 0
22 496 231 0 0 0 5566 1540 0 0 0 0 0 0 0 0 0 0 0 244904 116886 101640 37106 7315 0 0 0 0 0 0 0 0 0 0 0 0 0 0 0 0 0 0 0 0 0 0 0 0 0 0 0 0 0 0 0 0 0 0 0 0 0 0 0 0 0 0 0 0 0 0 0 0 0
19 437 171 0 0 0 4807 969 0 0 0 0 0 0 0 0 0 0 0 211508 86526 63954 32046 3876 0 0 0 0 0 0 0 0 0 0 0 0 0 0 0 0 0 0 0 0 0 0 0 0 0 0 0 0 0 0 0 0 0 0 0 0 0 0 0 0 0 0 0 0 0 0 0 0 0
21 475 210 0 0 0 5313 1330 0 0 0 0 0 0 0 0 0 0 0 233772 106260 87780 35420 5985 0 0 0 0 0 0 0 0 0 0 0 0 0 0 0 0 0 0 0 0 0 0 0 0 0 0 0 0 0 0 0 0 0 0 0 0 0 0 0 0 0 0 0 0 0 0 0 0 0
17 379 136 0 0 0 4301 680 0 0 0 0 0 0 0 0 0 0 0 189244 68816 44880 28673 2380 0 0 0 0 0 0 0 0 0 0 0 0 0 0 0 0 0 0 0 0 0 0 0 0 0 0 0 0 0 0 0 0 0 0 0 0 0 0 0 0 0 0 0 0 0 0 0 0 0
21 473 210 0 0 0 5313 1330 0 0 0 0 0 0 0 0 0 0 0 233772 106260 87780 35420 5985 0 0 0 0 0 0 0 0 0 0 0 0 0 0 0 0 0 0 0 0 0 0 0 0 0 0 0 0 0 0 0 0 0 0 0 0 0 0 0 0 0 0 0 0 0 0 0 0 0
17 385 136 0 0 0 4301 680 0 0 0 0 0 0 0 0 0 0 0 189244 68816 44880 28673 2380 0 0 0 0 0 0 0 0 0 0 0 0 0 0 0 0 0 0 0 0 0 0 0 0 0 0 0 0 0 0 0 0 0 0 0 0 0 0 0 0 0 0 0 0 0 0 0 0 0
16 364 120 0 0 0 4048 560 0 0 0 0 0 0 0 0 0 0 0 178112 60720 36960 26986 1820 0 0 0 0 0 0 0 0 0 0 0 0 0 0 0 0 0 0 0 0 0 0 0 0 0 0 0 0 0 0 0 0 0 0 0 0 0 0 0 0 0 0 0 0 0 0 0 0 0
19 431 171 0 0 0 4807 969 0 0 0 0 0 0 0 0 0 0 0 211508 86526 63954 32046 3876 0 0 0 0 0 0 0 0 0 0 0 0 0 0 0 0 0 0 0 0 0 0 0 0 0 0 0 0 0 0 0 0 0 0 0 0 0 0 0 0 0 0 0 0 0 0 0 0 0
14 318 91 0 0 0 3542 364 0 0 0 0 0 0 0 0 0 0 0 155848 46046 24024 23613 1001 0 0 0 0 0 0 0 0 0 0 0 0 0 0 0 0 0 0 0 0 0 0 0 0 0 0 0 0 0 0 0 0 0 0 0 0 0 0 0 0 0 0 0 0 0 0 0 0 0
24 544 276 0 0 0 6072 2024 0 0 0 0 0 0 0 0 0 0 0 267168 139656 133584 40480 10626 0 0 0 0 0 0 0 0 0 0 0 0 0 0 0 0 0 0 0 0 0 0 0 0 0 0 0 0 0 0 0 0 0 0 0 0 0 0 0 0 0 0 0 0 0 0 0 0 0
21 475 210 0 0 0 5313 1330 0 0 0 0 0 0 0 0 0 0 0 233772 106260 87780 35420 5985 0 0 0 0 0 0 0 0 0 0 0 0 0 0 0 0 0 0 0 0 0 0 0 0 0 0 0 0 0 0 0 0 0 0 0 0 0 0 0 0 0 0 0 0 0 0 0 0 0
20 456 190 0 0 0 5060 1140 0 0 0 0 0 0 0 0 0 0 0 222640 96140 75240 33733 4845 0 0 0 0 0 0 0 0 0 0 0 0 0 0 0 0 0 0 0 0 0 0 0 0 0 0 0 0 0 0 0 0 0 0 0 0 0 0 0 0 0 0 0 0 0 0 0 0 0
19 425 171 0 0 0 4807 969 0 0 0 0 0 0 0 0 0 0 0 211508 86526 63954 32046 3876 0 0 0 0 0 0 0 0 0 0 0 0 0 0 0 0 0 0 0 0 0 0 0 0 0 0 0 0 0 0 0 0 0 0 0 0 0 0 0 0 0 0 0 0 0 0 0 0 0
20 452 190 0 0 0 5060 1140 0 0 0 0 0 0 0 0 0 0 0 222640 96140 75240 33733 4845 0 0 0 0 0 0 0 0 0 0 0 0 0 0 0 0 0 0 0 0 0 0 0 0 0 0 0 0 0 0 0 0 0 0 0 0 0 0 0 0 0 0 0 0 0 0 0 0 0
20 452 190 0 0 0 5060 1140 0 0 0 0 0 0 0 0 0 0 0 222640 96140 75240 33733 4845 0 0 0 0 0 0 0 0 0 0 0 0 0 0 0 0 0 0 0 0 0 0 0 0 0 0 0 0 0 0 0 0 0 0 0 0 0 0 0 0 0 0 0 0 0 0 0 0 0
18 410 153 0 0 0 4554 816 0 0 0 0 0 0 0 0 0 0 0 200376 77418 53856 30360 3060 0 0 0 0 0 0 0 0 0 0 0 0 0 0 0 0 0 0 0 0 0 0 0 0 0 0 0 0 0 0 0 0 0 0 0 0 0 0 0 0 0 0 0 0 0 0 0 0 0
15 339 105 0 0 0 3795 455 0 0 0 0 0 0 0 0 0 0 0 166980 53130 30030 25300 1365 0 0 0 0 0 0 0 0 0 0 0 0 0 0 0 0 0 0 0 0 0 0 0 0 0 0 0 0 0 0 0 0 0 0 0 0 0 0 0 0 0 0 0 0 0 0 0 0 0
22 500 231 0 0 0 5566 1540 0 0 0 0 0 0 0 0 0 0 0 244904 116886 101640 37106 7315 0 0 0 0 0 0 0 0 0 0 0 0 0 0 0 0 0 0 0 0 0 0 0 0 0 0 0 0 0 0 0 0 0 0 0 0 0 0 0 0 0 0 0 0 0 0 0 0 0
17 383 136 0 0 0 4301 680 0 0 0 0 0 0 0 0 0 0 0 189244 68816 44880 28673 2380 0 0 0 0 0 0 0 0 0 0 0 0 0 0 0 0 0 0 0 0 0 0 0 0 0 0 0 0 0 0 0 0 0 0 0 0 0 0 0 0 0 0 0 0 0 0 0 0 0
20 446 190 0 0 0 5060 1140 0 0 0 0 0 0 0 0 0 0 0 222640 96140 75240 33733 4845 0 0 0 0 0 0 0 0 0 0 0 0 0 0 0 0 0 0 0 0 0 0 0 0 0 0 0 0 0 0 0 0 0 0 0 0 0 0 0 0 0 0 0 0 0 0 0 0 0
25 561 300 0 0 0 6325 2300 0 0 0 0 0 0 0 0 0 0 0 278300 151800 151800 42166 12650 0 0 0 0 0 0 0 0 0 0 0 0 0 0 0 0 0 0 0 0 0 0 0 0 0 0 0 0 0 0 0 0 0 0 0 0 0 0 0 0 0 0 0 0 0 0 0 0 0
16 360 120 0 0 0 4048 560 0 0 0 0 0 0 0 0 0 0 0 178112 60720 36960 26986 1820 0 0 0 0 0 0 0 0 0 0 0 0 0 0 0 0 0 0 0 0 0 0 0 0 0 0 0 0 0 0 0 0 0 0 0 0 0 0 0 0 0 0 0 0 0 0 0 0 0
21 479 210 0 0 0 5313 1330 0 0 0 0 0 0 0 0 0 0 0 233772 106260 87780 35420 5985 0 0 0 0 0 0 0 0 0 0 0 0 0 0 0 0 0 0 0 0 0 0 0 0 0 0 0 0 0 0 0 0 0 0 0 0 0 0 0 0 0 0 0 0 0 0 0 0 0
20 450 190 0 0 0 5060 1140 0 0 0 0 0 0 0 0 0 0 0 222640 96140 75240 33733 4845 0 0 0 0 0 0 0 0 0 0 0 0 0 0 0 0 0 0 0 0 0 0 0 0 0 0 0 0 0 0 0 0 0 0 0 0 0 0 0 0 0 0 0 0 0 0 0 0 0
21 469 210 0 0 0 5313 1330 0 0 0 0 0 0 0 0 0 0 0 233772 106260 87780 35420 5985 0 0 0 0 0 0 0 0 0 0 0 0 0 0 0 0 0 0 0 0 0 0 0 0 0 0 0 0 0 0 0 0 0 0 0 0 0 0 0 0 0 0 0 0 0 0 0 0 0
13 293 78 0 0 0 3289 286 0 0 0 0 0 0 0 0 0 0 0 144716 39468 18876 21926 715 0 0 0 0 0 0 0 0 0 0 0 0 0 0 0 0 0 0 0 0 0 0 0 0 0 0 0 0 0 0 0 0 0 0 0 0 0 0 0 0 0 0 0 0 0 0 0 0 0
27 609 351 0 0 0 6831 2925 0 0 0 0 0 0 0 0 0 0 0 300564 177606 193050 45540 17550 0 0 0 0 0 0 0 0 0 0 0 0 0 0 0 0 0 0 0 0 0 0 0 0 0 0 0 0 0 0 0 0 0 0 0 0 0 0 0 0 0 0 0 0 0 0 0 0 0
16 360 120 0 0 0 4048 560 0 0 0 0 0 0 0 0 0 0 0 178112 60720 36960 26986 1820 0 0 0 0 0 0 0 0 0 0 0 0 0 0 0 0 0 0 0 0 0 0 0 0 0 0 0 0 0 0 0 0 0 0 0 0 0 0 0 0 0 0 0 0 0 0 0 0 0
29 655 406 0 0 0 7337 3654 0 0 0 0 0 0 0 0 0 0 0 322828 205436 241164 48913 23751 0 0 0 0 0 0 0 0 0 0 0 0 0 0 0 0 0 0 0 0 0 0 0 0 0 0 0 0 0 0 0 0 0 0 0 0 0 0 0 0 0 0 0 0 0 0 0 0 0
20 450 190 0 0 0 5060 1140 0 0 0 0 0 0 0 0 0 0 0 222640 96140 75240 33733 4845 0 0 0 0 0 0 0 0 0 0 0 0 0 0 0 0 0 0 0 0 0 0 0 0 0 0 0 0 0 0 0 0 0 0 0 0 0 0 0 0 0 0 0 0 0 0 0 0 0
21 481 210 0 0 0 5313 1330 0 0 0 0 0 0 0 0 0 0 0 233772 106260 87780 35420 5985 0 0 0 0 0 0 0 0 0 0 0 0 0 0 0 0 0 0 0 0 0 0 0 0 0 0 0 0 0 0 0 0 0 0 0 0 0 0 0 0 0 0 0 0 0 0 0 0 0
20 454 190 0 0 0 5060 1140 0 0 0 0 0 0 0 0 0 0 0 222640 96140 75240 33733 4845 0 0 0 0 0 0 0 0 0 0 0 0 0 0 0 0 0 0 0 0 0 0 0 0 0 0 0 0 0 0 0 0 0 0 0 0 0 0 0 0 0 0 0 0 0 0 0 0 0
18 406 153 0 0 0 4554 816 0 0 0 0 0 0 0 0 0 0 0 200376 77418 53856 30360 3060 0 0 0 0 0 0 0 0 0 0 0 0 0 0 0 0 0 0 0 0 0 0 0 0 0 0 0 0 0 0 0 0 0 0 0 0 0 0 0 0 0 0 0 0 0 0 0 0 0
18 410 153 0 0 0 4554 816 0 0 0 0 0 0 0 0 0 0 0 200376 77418 53856 30360 3060 0 0 0 0 0 0 0 0 0 0 0 0 0 0 0 0 0 0 0 0 0 0 0 0 0 0 0 0 0 0 0 0 0 0 0 0 0 0 0 0 0 0 0 0 0 0 0 0 0
20 454 190 0 0 0 5060 1140 0 0 0 0 0 0 0 0 0 0 0 222640 96140 75240 33733 4845 0 0 0 0 0 0 0 0 0 0 0 0 0 0 0 0 0 0 0 0 0 0 0 0 0 0 0 0 0 0 0 0 0 0 0 0 0 0 0 0 0 0 0 0 0 0 0 0 0
17 381 136 0 0 0 4301 680 0 0 0 0 0 0 0 0 0 0 0 189244 68816 44880 28673 2380 0 0 0 0 0 0 0 0 0 0 0 0 0 0 0 0 0 0 0 0 0 0 0 0 0 0 0 0 0 0 0 0 0 0 0 0 0 0 0 0 0 0 0 0 0 0 0 0 0
17 387 136 0 0 0 4301 680 0 0 0 0 0 0 0 0 0 0 0 189244 68816 44880 28673 2380 0 0 0 0 0 0 0 0 0 0 0 0 0 0 0 0 0 0 0 0 0 0 0 0 0 0 0 0 0 0 0 0 0 0 0 0 0 0 0 0 0 0 0 0 0 0 0 0 0
